<?xml version="1.0" encoding="UTF-8"?>
<!-- Generated by org.testng.reporters.JUnitReportReporter -->
<testsuite skipped="0" hostname="5092e50c9fcf" name="com.airlines.tests.BookFlightTest" tests="20" failures="0" timestamp="2021-01-06T06:37:49 GMT" time="121.692" errors="0">
  <testcase name="RegistrationPageTest" time="56.422" classname="com.airlines.tests.BookFlightTest"/>
  <system-out/>
  <testcase name="RegistrationPageTest" time="15.539" classname="com.airlines.tests.BookFlightTest"/>
  <system-out/>
  <testcase name="FindFlightPageTest" time="0.698" classname="com.airlines.tests.BookFlightTest"/>
  <system-out/>
  <testcase name="FlightDetailsPageTest" time="1.734" classname="com.airlines.tests.BookFlightTest"/>
  <system-out/>
  <testcase name="RegistrationConfirmationPageTest" time="0.258" classname="com.airlines.tests.BookFlightTest"/>
  <system-out/>
  <testcase name="RegistrationPageTest" time="18.231" classname="com.airlines.tests.BookFlightTest"/>
  <system-out/>
  <testcase name="RegistrationConfirmationPageTest" time="0.297" classname="com.airlines.tests.BookFlightTest"/>
  <system-out/>
  <testcase name="FlightConfirmationPageTest" time="0.409" classname="com.airlines.tests.BookFlightTest"/>
  <system-out/>
  <testcase name="FlightConfirmationPageTest" time="2.103" classname="com.airlines.tests.BookFlightTest"/>
  <system-out/>
  <testcase name="FlightConfirmationPageTest" time="0.416" classname="com.airlines.tests.BookFlightTest"/>
  <system-out/>
  <testcase name="FlightDetailsPageTest" time="2.241" classname="com.airlines.tests.BookFlightTest"/>
  <system-out/>
  <testcase name="FindFlightPageTest" time="0.539" classname="com.airlines.tests.BookFlightTest"/>
  <system-out/>
  <testcase name="RegistrationPageTest" time="14.756" classname="com.airlines.tests.BookFlightTest"/>
  <system-out/>
  <testcase name="FlightDetailsPageTest" time="1.772" classname="com.airlines.tests.BookFlightTest"/>
  <system-out/>
  <testcase name="FlightConfirmationPageTest" time="0.567" classname="com.airlines.tests.BookFlightTest"/>
  <system-out/>
  <testcase name="FlightDetailsPageTest" time="2.009" classname="com.airlines.tests.BookFlightTest"/>
  <system-out/>
  <testcase name="FindFlightPageTest" time="1.578" classname="com.airlines.tests.BookFlightTest"/>
  <system-out/>
  <testcase name="RegistrationConfirmationPageTest" time="0.782" classname="com.airlines.tests.BookFlightTest"/>
  <system-out/>
  <testcase name="RegistrationConfirmationPageTest" time="0.804" classname="com.airlines.tests.BookFlightTest"/>
  <system-out/>
  <testcase name="FindFlightPageTest" time="0.537" classname="com.airlines.tests.BookFlightTest"/>
  <system-out/>
</testsuite> <!-- com.airlines.tests.BookFlightTest -->
